# JRE version: OpenJDK Runtime Environment (8.0_191-b12) (build 1.8.0_191-8u191-b12-2ubuntu0.18.04.1-b12)
# Java VM: OpenJDK 64-Bit Server VM (25.191-b12 mixed mode linux-amd64 compressed oops)
Heap:
 PSYoungGen      total 494592K, used 24773K [0x0000000780000000, 0x00000007a0380000, 0x00000007c0000000)
  eden space 463872K, 0% used [0x0000000780000000,0x0000000780000000,0x000000079c500000)
  from space 30720K, 80% used [0x000000079c500000,0x000000079dd315e0,0x000000079e300000)
  to   space 29184K, 0% used [0x000000079e300000,0x000000079e300000,0x000000079ff80000)
 ParOldGen       total 181760K, used 69591K [0x0000000700000000, 0x000000070b180000, 0x0000000780000000)
  object space 181760K, 38% used [0x0000000700000000,0x00000007043f5cf0,0x000000070b180000)
 Metaspace       used 53119K, capacity 54832K, committed 55088K, reserved 1097728K
  class space    used 6982K, capacity 7451K, committed 7472K, reserved 1048576K
GC Heap History (10 events):
Event: 11.108 GC heap after
Heap after GC invocations=14 (full 2):
 PSYoungGen      total 305152K, used 18880K [0x0000000780000000, 0x0000000794900000, 0x00000007c0000000)
  eden space 278016K, 0% used [0x0000000780000000,0x0000000780000000,0x0000000790f80000)
  from space 27136K, 69% used [0x0000000792a80000,0x0000000793cf0240,0x0000000794500000)
  to   space 27648K, 0% used [0x0000000790f80000,0x0000000790f80000,0x0000000792a80000)
 ParOldGen       total 181760K, used 51677K [0x0000000700000000, 0x000000070b180000, 0x0000000780000000)
  object space 181760K, 28% used [0x0000000700000000,0x0000000703277630,0x000000070b180000)
 Metaspace       used 52102K, capacity 53700K, committed 54064K, reserved 1095680K
  class space    used 6937K, capacity 7401K, committed 7472K, reserved 1048576K
}
Event: 11.660 GC heap before
{Heap before GC invocations=15 (full 2):
 PSYoungGen      total 305152K, used 296896K [0x0000000780000000, 0x0000000794900000, 0x00000007c0000000)
  eden space 278016K, 100% used [0x0000000780000000,0x0000000790f80000,0x0000000790f80000)
  from space 27136K, 69% used [0x0000000792a80000,0x0000000793cf0240,0x0000000794500000)
  to   space 27648K, 0% used [0x0000000790f80000,0x0000000790f80000,0x0000000792a80000)
 ParOldGen       total 181760K, used 51677K [0x0000000700000000, 0x000000070b180000, 0x0000000780000000)
  object space 181760K, 28% used [0x0000000700000000,0x0000000703277630,0x000000070b180000)
 Metaspace       used 52190K, capacity 53834K, committed 54064K, reserved 1095680K
  class space    used 6938K, capacity 7402K, committed 7472K, reserved 1048576K
Event: 11.692 GC heap after
Heap after GC invocations=15 (full 2):
 PSYoungGen      total 305664K, used 13920K [0x0000000780000000, 0x0000000799880000, 0x00000007c0000000)
  eden space 278016K, 0% used [0x0000000780000000,0x0000000780000000,0x0000000790f80000)
  from space 27648K, 50% used [0x0000000790f80000,0x0000000791d18000,0x0000000792a80000)
  to   space 26624K, 0% used [0x0000000797e80000,0x0000000797e80000,0x0000000799880000)
 ParOldGen       total 181760K, used 56126K [0x0000000700000000, 0x000000070b180000, 0x0000000780000000)
  object space 181760K, 30% used [0x0000000700000000,0x00000007036cfb30,0x000000070b180000)
 Metaspace       used 52190K, capacity 53834K, committed 54064K, reserved 1095680K
  class space    used 6938K, capacity 7402K, committed 7472K, reserved 1048576K
}
Event: 13.528 GC heap before
{Heap before GC invocations=16 (full 2):
 PSYoungGen      total 305664K, used 291936K [0x0000000780000000, 0x0000000799880000, 0x00000007c0000000)
  eden space 278016K, 100% used [0x0000000780000000,0x0000000790f80000,0x0000000790f80000)
  from space 27648K, 50% used [0x0000000790f80000,0x0000000791d18000,0x0000000792a80000)
  to   space 26624K, 0% used [0x0000000797e80000,0x0000000797e80000,0x0000000799880000)
 ParOldGen       total 181760K, used 56126K [0x0000000700000000, 0x000000070b180000, 0x0000000780000000)
  object space 181760K, 30% used [0x0000000700000000,0x00000007036cfb30,0x000000070b180000)
 Metaspace       used 52883K, capacity 54616K, committed 54832K, reserved 1097728K
  class space    used 6980K, capacity 7447K, committed 7472K, reserved 1048576K
Event: 13.554 GC heap after
Heap after GC invocations=16 (full 2):
 PSYoungGen      total 378368K, used 18454K [0x0000000780000000, 0x0000000799280000, 0x00000007c0000000)
  eden space 357888K, 0% used [0x0000000780000000,0x0000000780000000,0x0000000795d80000)
  from space 20480K, 90% used [0x0000000797e80000,0x0000000799085830,0x0000000799280000)
  to   space 27136K, 0% used [0x0000000795d80000,0x0000000795d80000,0x0000000797800000)
 ParOldGen       total 181760K, used 57886K [0x0000000700000000, 0x000000070b180000, 0x0000000780000000)
  object space 181760K, 31% used [0x0000000700000000,0x0000000703887b40,0x000000070b180000)
 Metaspace       used 52883K, capacity 54616K, committed 54832K, reserved 1097728K
  class space    used 6980K, capacity 7447K, committed 7472K, reserved 1048576K
}
Event: 14.249 GC heap before
{Heap before GC invocations=17 (full 2):
 PSYoungGen      total 378368K, used 376342K [0x0000000780000000, 0x0000000799280000, 0x00000007c0000000)
  eden space 357888K, 100% used [0x0000000780000000,0x0000000795d80000,0x0000000795d80000)
  from space 20480K, 90% used [0x0000000797e80000,0x0000000799085830,0x0000000799280000)
  to   space 27136K, 0% used [0x0000000795d80000,0x0000000795d80000,0x0000000797800000)
 ParOldGen       total 181760K, used 57886K [0x0000000700000000, 0x000000070b180000, 0x0000000780000000)
  object space 181760K, 31% used [0x0000000700000000,0x0000000703887b40,0x000000070b180000)
 Metaspace       used 52955K, capacity 54692K, committed 54832K, reserved 1097728K
  class space    used 6981K, capacity 7449K, committed 7472K, reserved 1048576K
Event: 14.279 GC heap after
Heap after GC invocations=17 (full 2):
 PSYoungGen      total 385024K, used 24468K [0x0000000780000000, 0x000000079ff80000, 0x00000007c0000000)
  eden space 357888K, 0% used [0x0000000780000000,0x0000000780000000,0x0000000795d80000)
  from space 27136K, 90% used [0x0000000795d80000,0x00000007975653d0,0x0000000797800000)
  to   space 29184K, 0% used [0x000000079e300000,0x000000079e300000,0x000000079ff80000)
 ParOldGen       total 181760K, used 59758K [0x0000000700000000, 0x000000070b180000, 0x0000000780000000)
  object space 181760K, 32% used [0x0000000700000000,0x0000000703a5bb40,0x000000070b180000)
 Metaspace       used 52955K, capacity 54692K, committed 54832K, reserved 1097728K
  class space    used 6981K, capacity 7449K, committed 7472K, reserved 1048576K
}
Event: 14.914 GC heap before
{Heap before GC invocations=18 (full 2):
 PSYoungGen      total 385024K, used 382356K [0x0000000780000000, 0x000000079ff80000, 0x00000007c0000000)
  eden space 357888K, 100% used [0x0000000780000000,0x0000000795d80000,0x0000000795d80000)
  from space 27136K, 90% used [0x0000000795d80000,0x00000007975653d0,0x0000000797800000)
  to   space 29184K, 0% used [0x000000079e300000,0x000000079e300000,0x000000079ff80000)
 ParOldGen       total 181760K, used 59758K [0x0000000700000000, 0x000000070b180000, 0x0000000780000000)
  object space 181760K, 32% used [0x0000000700000000,0x0000000703a5bb40,0x000000070b180000)
 Metaspace       used 53009K, capacity 54692K, committed 54832K, reserved 1097728K
  class space    used 6981K, capacity 7449K, committed 7472K, reserved 1048576K
Event: 14.938 GC heap after
Heap after GC invocations=18 (full 2):
 PSYoungGen      total 493056K, used 22964K [0x0000000780000000, 0x00000007a0380000, 0x00000007c0000000)
  eden space 463872K, 0% used [0x0000000780000000,0x0000000780000000,0x000000079c500000)
  from space 29184K, 78% used [0x000000079e300000,0x000000079f96d3b0,0x000000079ff80000)
  to   space 30720K, 0% used [0x000000079c500000,0x000000079c500000,0x000000079e300000)
 ParOldGen       total 181760K, used 60762K [0x0000000700000000, 0x000000070b180000, 0x0000000780000000)
  object space 181760K, 33% used [0x0000000700000000,0x0000000703b56b50,0x000000070b180000)
 Metaspace       used 53009K, capacity 54692K, committed 54832K, reserved 1097728K
  class space    used 6981K, capacity 7449K, committed 7472K, reserved 1048576K
}
Event: 15.773 GC heap before
{Heap before GC invocations=19 (full 2):
 PSYoungGen      total 493056K, used 486836K [0x0000000780000000, 0x00000007a0380000, 0x00000007c0000000)
  eden space 463872K, 100% used [0x0000000780000000,0x000000079c500000,0x000000079c500000)
  from space 29184K, 78% used [0x000000079e300000,0x000000079f96d3b0,0x000000079ff80000)
  to   space 30720K, 0% used [0x000000079c500000,0x000000079c500000,0x000000079e300000)
 ParOldGen       total 181760K, used 60762K [0x0000000700000000, 0x000000070b180000, 0x0000000780000000)
  object space 181760K, 33% used [0x0000000700000000,0x0000000703b56b50,0x000000070b180000)
 Metaspace       used 53119K, capacity 54832K, committed 55088K, reserved 1097728K
  class space    used 6982K, capacity 7451K, committed 7472K, reserved 1048576K

