# JRE version: OpenJDK Runtime Environment (8.0_191-b12) (build 1.8.0_191-8u191-b12-2ubuntu0.18.04.1-b12)
# Java VM: OpenJDK 64-Bit Server VM (25.191-b12 mixed mode linux-amd64 compressed oops)
Heap:
 PSYoungGen      total 483328K, used 14144K [0x0000000780000000, 0x000000079ee00000, 0x00000007c0000000)
  eden space 460800K, 0% used [0x0000000780000000,0x0000000780000000,0x000000079c200000)
  from space 22528K, 62% used [0x000000079c200000,0x000000079cfd0000,0x000000079d800000)
  to   space 16896K, 0% used [0x000000079dd80000,0x000000079dd80000,0x000000079ee00000)
 ParOldGen       total 169472K, used 87392K [0x0000000700000000, 0x000000070a580000, 0x0000000780000000)
  object space 169472K, 51% used [0x0000000700000000,0x00000007055580e8,0x000000070a580000)
 Metaspace       used 46876K, capacity 48606K, committed 48816K, reserved 1091584K
  class space    used 6337K, capacity 6796K, committed 6832K, reserved 1048576K
GC Heap History (10 events):
Event: 7.819 GC heap after
Heap after GC invocations=12 (full 2):
 PSYoungGen      total 283136K, used 9536K [0x0000000780000000, 0x0000000792f80000, 0x00000007c0000000)
  eden space 257536K, 0% used [0x0000000780000000,0x0000000780000000,0x000000078fb80000)
  from space 25600K, 37% used [0x0000000791400000,0x0000000791d50000,0x0000000792d00000)
  to   space 25088K, 0% used [0x000000078fb80000,0x000000078fb80000,0x0000000791400000)
 ParOldGen       total 169472K, used 43219K [0x0000000700000000, 0x000000070a580000, 0x0000000780000000)
  object space 169472K, 25% used [0x0000000700000000,0x0000000702a34e90,0x000000070a580000)
 Metaspace       used 45914K, capacity 47620K, committed 47792K, reserved 1089536K
  class space    used 6285K, capacity 6749K, committed 6832K, reserved 1048576K
}
Event: 8.438 GC heap before
{Heap before GC invocations=13 (full 2):
 PSYoungGen      total 283136K, used 267072K [0x0000000780000000, 0x0000000792f80000, 0x00000007c0000000)
  eden space 257536K, 100% used [0x0000000780000000,0x000000078fb80000,0x000000078fb80000)
  from space 25600K, 37% used [0x0000000791400000,0x0000000791d50000,0x0000000792d00000)
  to   space 25088K, 0% used [0x000000078fb80000,0x000000078fb80000,0x0000000791400000)
 ParOldGen       total 169472K, used 43219K [0x0000000700000000, 0x000000070a580000, 0x0000000780000000)
  object space 169472K, 25% used [0x0000000700000000,0x0000000702a34e90,0x000000070a580000)
 Metaspace       used 46049K, capacity 47748K, committed 48048K, reserved 1091584K
  class space    used 6285K, capacity 6749K, committed 6832K, reserved 1048576K
Event: 8.462 GC heap after
Heap after GC invocations=13 (full 2):
 PSYoungGen      total 282624K, used 6224K [0x0000000780000000, 0x0000000798000000, 0x00000007c0000000)
  eden space 257536K, 0% used [0x0000000780000000,0x0000000780000000,0x000000078fb80000)
  from space 25088K, 24% used [0x000000078fb80000,0x0000000790194010,0x0000000791400000)
  to   space 25088K, 0% used [0x0000000796780000,0x0000000796780000,0x0000000798000000)
 ParOldGen       total 169472K, used 52056K [0x0000000700000000, 0x000000070a580000, 0x0000000780000000)
  object space 169472K, 30% used [0x0000000700000000,0x00000007032d62a0,0x000000070a580000)
 Metaspace       used 46049K, capacity 47748K, committed 48048K, reserved 1091584K
  class space    used 6285K, capacity 6749K, committed 6832K, reserved 1048576K
}
Event: 9.165 GC heap before
{Heap before GC invocations=14 (full 2):
 PSYoungGen      total 282624K, used 263760K [0x0000000780000000, 0x0000000798000000, 0x00000007c0000000)
  eden space 257536K, 100% used [0x0000000780000000,0x000000078fb80000,0x000000078fb80000)
  from space 25088K, 24% used [0x000000078fb80000,0x0000000790194010,0x0000000791400000)
  to   space 25088K, 0% used [0x0000000796780000,0x0000000796780000,0x0000000798000000)
 ParOldGen       total 169472K, used 52056K [0x0000000700000000, 0x000000070a580000, 0x0000000780000000)
  object space 169472K, 30% used [0x0000000700000000,0x00000007032d62a0,0x000000070a580000)
 Metaspace       used 46569K, capacity 48300K, committed 48560K, reserved 1091584K
  class space    used 6326K, capacity 6761K, committed 6832K, reserved 1048576K
Event: 9.189 GC heap after
Heap after GC invocations=14 (full 2):
 PSYoungGen      total 366080K, used 12768K [0x0000000780000000, 0x0000000797e00000, 0x00000007c0000000)
  eden space 343040K, 0% used [0x0000000780000000,0x0000000780000000,0x0000000794f00000)
  from space 23040K, 55% used [0x0000000796780000,0x00000007973f8000,0x0000000797e00000)
  to   space 24064K, 0% used [0x0000000794f00000,0x0000000794f00000,0x0000000796680000)
 ParOldGen       total 169472K, used 57432K [0x0000000700000000, 0x000000070a580000, 0x0000000780000000)
  object space 169472K, 33% used [0x0000000700000000,0x0000000703816358,0x000000070a580000)
 Metaspace       used 46569K, capacity 48300K, committed 48560K, reserved 1091584K
  class space    used 6326K, capacity 6761K, committed 6832K, reserved 1048576K
}
Event: 9.921 GC heap before
{Heap before GC invocations=15 (full 2):
 PSYoungGen      total 366080K, used 355808K [0x0000000780000000, 0x0000000797e00000, 0x00000007c0000000)
  eden space 343040K, 100% used [0x0000000780000000,0x0000000794f00000,0x0000000794f00000)
  from space 23040K, 55% used [0x0000000796780000,0x00000007973f8000,0x0000000797e00000)
  to   space 24064K, 0% used [0x0000000794f00000,0x0000000794f00000,0x0000000796680000)
 ParOldGen       total 169472K, used 57432K [0x0000000700000000, 0x000000070a580000, 0x0000000780000000)
  object space 169472K, 33% used [0x0000000700000000,0x0000000703816358,0x000000070a580000)
 Metaspace       used 46694K, capacity 48434K, committed 48560K, reserved 1091584K
  class space    used 6326K, capacity 6762K, committed 6832K, reserved 1048576K
Event: 9.967 GC heap after
Heap after GC invocations=15 (full 2):
 PSYoungGen      total 367104K, used 8784K [0x0000000780000000, 0x000000079f480000, 0x00000007c0000000)
  eden space 343040K, 0% used [0x0000000780000000,0x0000000780000000,0x0000000794f00000)
  from space 24064K, 36% used [0x0000000794f00000,0x0000000795794010,0x0000000796680000)
  to   space 23552K, 0% used [0x000000079dd80000,0x000000079dd80000,0x000000079f480000)
 ParOldGen       total 169472K, used 69505K [0x0000000700000000, 0x000000070a580000, 0x0000000780000000)
  object space 169472K, 41% used [0x0000000700000000,0x00000007043e0518,0x000000070a580000)
 Metaspace       used 46694K, capacity 48434K, committed 48560K, reserved 1091584K
  class space    used 6326K, capacity 6762K, committed 6832K, reserved 1048576K
}
Event: 10.674 GC heap before
{Heap before GC invocations=16 (full 2):
 PSYoungGen      total 367104K, used 351824K [0x0000000780000000, 0x000000079f480000, 0x00000007c0000000)
  eden space 343040K, 100% used [0x0000000780000000,0x0000000794f00000,0x0000000794f00000)
  from space 24064K, 36% used [0x0000000794f00000,0x0000000795794010,0x0000000796680000)
  to   space 23552K, 0% used [0x000000079dd80000,0x000000079dd80000,0x000000079f480000)
 ParOldGen       total 169472K, used 69505K [0x0000000700000000, 0x000000070a580000, 0x0000000780000000)
  object space 169472K, 41% used [0x0000000700000000,0x00000007043e0518,0x000000070a580000)
 Metaspace       used 46726K, capacity 48434K, committed 48560K, reserved 1091584K
  class space    used 6326K, capacity 6762K, committed 6832K, reserved 1048576K
Event: 10.694 GC heap after
Heap after GC invocations=16 (full 2):
 PSYoungGen      total 477696K, used 10560K [0x0000000780000000, 0x000000079ee00000, 0x00000007c0000000)
  eden space 460800K, 0% used [0x0000000780000000,0x0000000780000000,0x000000079c200000)
  from space 16896K, 62% used [0x000000079dd80000,0x000000079e7d0000,0x000000079ee00000)
  to   space 22528K, 0% used [0x000000079c200000,0x000000079c200000,0x000000079d800000)
 ParOldGen       total 169472K, used 77380K [0x0000000700000000, 0x000000070a580000, 0x0000000780000000)
  object space 169472K, 45% used [0x0000000700000000,0x0000000704b91278,0x000000070a580000)
 Metaspace       used 46726K, capacity 48434K, committed 48560K, reserved 1091584K
  class space    used 6326K, capacity 6762K, committed 6832K, reserved 1048576K
}
Event: 11.649 GC heap before
{Heap before GC invocations=17 (full 2):
 PSYoungGen      total 477696K, used 471360K [0x0000000780000000, 0x000000079ee00000, 0x00000007c0000000)
  eden space 460800K, 100% used [0x0000000780000000,0x000000079c200000,0x000000079c200000)
  from space 16896K, 62% used [0x000000079dd80000,0x000000079e7d0000,0x000000079ee00000)
  to   space 22528K, 0% used [0x000000079c200000,0x000000079c200000,0x000000079d800000)
 ParOldGen       total 169472K, used 77380K [0x0000000700000000, 0x000000070a580000, 0x0000000780000000)
  object space 169472K, 45% used [0x0000000700000000,0x0000000704b91278,0x000000070a580000)
 Metaspace       used 46876K, capacity 48606K, committed 48816K, reserved 1091584K
  class space    used 6337K, capacity 6796K, committed 6832K, reserved 1048576K

